<?xml version="1.0" encoding="UTF-8"?>
<!-- Generated by org.testng.reporters.JUnitReportReporter -->
<testsuite skipped="0" hostname="DESKTOP-ADC5SDR" name="Prac" tests="1" failures="0" timestamp="03 Jun 2019 04:06:46 GMT" time="14.845" errors="0">
  <testcase name="loginmethods" time="14.845" classname="Prac"/>
</testsuite> <!-- Prac -->
