<?xml version="1.0" encoding="UTF-8"?>
<!-- Generated by org.testng.reporters.JUnitReportReporter -->
<testsuite skipped="0" hostname="DESKTOP-ADC5SDR" name="Prac" tests="1" failures="0" timestamp="05 Jun 2019 14:55:49 GMT" time="20.069" errors="0">
  <testcase name="loginmethods" time="20.069" classname="Prac"/>
</testsuite> <!-- Prac -->
