<?xml version="1.0" encoding="UTF-8"?>
<!-- Generated by org.testng.reporters.JUnitReportReporter -->
<testsuite skipped="0" hostname="DESKTOP-ADC5SDR" name="Prac" tests="1" failures="0" timestamp="06 Jun 2019 08:01:38 GMT" time="11.887" errors="0">
  <testcase name="loginmethods" time="11.887" classname="Prac"/>
</testsuite> <!-- Prac -->
