<?xml version="1.0" encoding="UTF-8"?>
<!-- Generated by org.testng.reporters.JUnitReportReporter -->
<testsuite skipped="1" hostname="DESKTOP-ADC5SDR" name="com.TestCase.Redmi.Products" tests="2" failures="0" timestamp="07 Jun 2019 15:02:28 GMT" time="37.881" errors="0">
  <testcase name="newProductPage002" time="37.881" classname="com.TestCase.Redmi.Products"/>
  <testcase name="navigateToProduct001" classname="com.TestCase.Redmi.Products">
    <skipped/>
  </testcase> <!-- navigateToProduct001 -->
</testsuite> <!-- com.TestCase.Redmi.Products -->
