<?xml version="1.0" encoding="UTF-8"?>
<!-- Generated by org.testng.reporters.JUnitReportReporter -->
<testsuite skipped="0" hostname="DESKTOP-ADC5SDR" name="com.TestCase.Redmi.Products" tests="3" failures="0" timestamp="23 Jun 2019 10:18:01 GMT" time="94.669" errors="0">
  <testcase name="navigateToProduct001Test" time="23.857" classname="com.TestCase.Redmi.Products"/>
  <testcase name="newProductPage002Test" time="39.765" classname="com.TestCase.Redmi.Products"/>
  <testcase name="getInterviewQucationTest" time="31.047" classname="com.TestCase.Redmi.Products"/>
</testsuite> <!-- com.TestCase.Redmi.Products -->
