<?xml version="1.0" encoding="UTF-8"?>
<!-- Generated by org.testng.reporters.JUnitReportReporter -->
<testsuite skipped="0" hostname="DESKTOP-ADC5SDR" name="Prac" tests="1" failures="0" timestamp="13 Jun 2019 14:07:16 GMT" time="174.324" errors="0">
  <testcase name="loginmethods" time="174.324" classname="Prac"/>
</testsuite> <!-- Prac -->
