<?xml version="1.0" encoding="UTF-8"?>
<!-- Generated by org.testng.reporters.JUnitReportReporter -->
<testsuite skipped="0" hostname="DESKTOP-ADC5SDR" name="Remote" tests="4" failures="0" timestamp="18 Jun 2019 16:24:57 GMT" time="50.503" errors="0">
  <testcase name="TestDR" time="13.454" classname="Remote"/>
  <testcase name="TestDR" time="13.549" classname="Remote"/>
  <testcase name="TestDR" time="10.906" classname="Remote"/>
  <testcase name="TestDR" time="12.594" classname="Remote"/>
</testsuite> <!-- Remote -->
