<?xml version="1.0" encoding="UTF-8"?>
<!-- Generated by org.testng.reporters.JUnitReportReporter -->
<testsuite skipped="0" hostname="DESKTOP-ADC5SDR" name="dataprovider" tests="1" failures="0" timestamp="18 Jun 2019 15:53:46 GMT" time="10.809" errors="0">
  <testcase name="TestDR" time="10.809" classname="dataprovider"/>
</testsuite> <!-- dataprovider -->
